[  5%] Built target obj_move_cmd
[  8%] [32mBuilding CXX object src/common/CMakeFiles/mathlibs.dir/math/curve.cpp.o[0m
[ 16%] Built target config_reader
[ 19%] Built target car_move_cmd
[ 30%] Built target pnc_map_creator
[ 33%] [32mBuilding CXX object src/planning_process/CMakeFiles/planning_process.dir/planning_process_main.cpp.o[0m
[ 41%] [32mBuilding CXX object src/planning_process/CMakeFiles/planning_process.dir/planning_process.cpp.o[0m
[ 41%] Built target global_planner
[35m[1mConsolidate compiler generated dependencies of target pnc_map_server[0m
[ 47%] Built target pnc_map_server
[ 52%] Built target global_path_server
In file included from [01m[K/home/johan/planning_with_ROS2_course/src/planning/src/common/math/curve.cpp:1[m[K:
[01m[K/home/johan/planning_with_ROS2_course/src/planning/src/common/math/curve.h:24:119:[m[K [01;31m[Kerror: [m[Kexpected â€˜[01m[K;[m[Kâ€™ at end of member declaration
   24 |         static int find_match_point(const Path &path,const int &last_match_point_index,const PoseStamped &target_point[01;31m[K)[m[K
      |                                                                                                                       [01;31m[K^[m[K
      |                                                                                                                        [32m[K;[m[K
In file included from [01m[K/home/johan/planning_with_ROS2_course/src/planning/src/local_planner/local_path/local_path_planner.h:6[m[K,
                 from [01m[K/home/johan/planning_with_ROS2_course/src/planning/src/planning_process/planning_process.h:15[m[K,
                 from [01m[K/home/johan/planning_with_ROS2_course/src/planning/src/planning_process/planning_process_main.cpp:1[m[K:
[01m[K/home/johan/planning_with_ROS2_course/src/planning/src/common/math/curve.h:24:119:[m[K [01;31m[Kerror: [m[Kexpected â€˜[01m[K;[m[Kâ€™ at end of member declaration
   24 |         static int find_match_point(const Path &path,const int &last_match_point_index,const PoseStamped &target_point[01;31m[K)[m[K
      |                                                                                                                       [01;31m[K^[m[K
      |                                                                                                                        [32m[K;[m[K
In file included from [01m[K/home/johan/planning_with_ROS2_course/src/planning/src/local_planner/local_path/local_path_planner.h:6[m[K,
                 from [01m[K/home/johan/planning_with_ROS2_course/src/planning/src/planning_process/planning_process.h:15[m[K,
                 from [01m[K/home/johan/planning_with_ROS2_course/src/planning/src/planning_process/planning_process.cpp:1[m[K:
[01m[K/home/johan/planning_with_ROS2_course/src/planning/src/common/math/curve.h:24:119:[m[K [01;31m[Kerror: [m[Kexpected â€˜[01m[K;[m[Kâ€™ at end of member declaration
   24 |         static int find_match_point(const Path &path,const int &last_match_point_index,const PoseStamped &target_point[01;31m[K)[m[K
      |                                                                                                                       [01;31m[K^[m[K
      |                                                                                                                        [32m[K;[m[K
gmake[2]: *** [src/common/CMakeFiles/mathlibs.dir/build.make:76ï¼šsrc/common/CMakeFiles/mathlibs.dir/math/curve.cpp.o] é”™è¯¯ 1
gmake[1]: *** [CMakeFiles/Makefile2:330ï¼šsrc/common/CMakeFiles/mathlibs.dir/all] é”™è¯¯ 2
gmake[1]: *** æ­£åœ¨ç­‰å¾…æœªå®Œæˆçš„ä»»åŠ¡....
gmake[2]: *** [src/planning_process/CMakeFiles/planning_process.dir/build.make:76ï¼šsrc/planning_process/CMakeFiles/planning_process.dir/planning_process_main.cpp.o] é”™è¯¯ 1
gmake[2]: *** æ­£åœ¨ç­‰å¾…æœªå®Œæˆçš„ä»»åŠ¡....
gmake[2]: *** [src/planning_process/CMakeFiles/planning_process.dir/build.make:90ï¼šsrc/planning_process/CMakeFiles/planning_process.dir/planning_process.cpp.o] é”™è¯¯ 1
gmake[1]: *** [CMakeFiles/Makefile2:573ï¼šsrc/planning_process/CMakeFiles/planning_process.dir/all] é”™è¯¯ 2
gmake: *** [Makefile:146ï¼šall] é”™è¯¯ 2
