[0.190s] Invoking command in '/home/johan/planning_with_ROS2_course/build/planning': CMAKE_PREFIX_PATH=/home/johan/planning_with_ROS2_course/install/base_msgs:/home/johan/planning_with_ROS2_course/install/planning:/home/johan/planning_with_ROS2_course/install/data_plot:/opt/ros/humble /usr/bin/cmake --build /home/johan/planning_with_ROS2_course/build/planning -- -j16 -l16
[0.218s] [35m[1mConsolidate compiler generated dependencies of target config_reader[0m
[0.230s] [  9%] Built target planning_node
[0.230s] [ 19%] Built target mathlibs
[0.233s] [ 32%] [32mBuilding CXX object src/common/CMakeFiles/config_reader.dir/config_reader/config_reader.cpp.o[0m
[0.233s] [ 35%] Built target car_move_cmd
[0.233s] [ 35%] Built target obj_move_cmd
[1.748s] [01m[K/home/johan/planning_with_ROS2_course/src/planning/src/common/config_reader/config_reader.cpp:[m[K In member function â€˜[01m[Kvoid Planning::ConfigReader::read_vehicles_config()[m[Kâ€™:
[1.748s] [01m[K/home/johan/planning_with_ROS2_course/src/planning/src/common/config_reader/config_reader.cpp:33:21:[m[K [01;31m[Kerror: [m[Kduplicate â€˜[01m[Kconst[m[Kâ€™
[1.748s]    33 |         catch(const [01;31m[Kconst[m[K YAML::Exception& e){
[1.749s]       |                     [01;31m[K^~~~~[m[K
[1.749s]       |                     [31m[K-----[m[K
[2.085s] gmake[2]: *** [src/common/CMakeFiles/config_reader.dir/build.make:76ï¼šsrc/common/CMakeFiles/config_reader.dir/config_reader/config_reader.cpp.o] é”™è¯¯ 1
[2.085s] gmake[1]: *** [CMakeFiles/Makefile2:284ï¼šsrc/common/CMakeFiles/config_reader.dir/all] é”™è¯¯ 2
[2.086s] gmake: *** [Makefile:146ï¼šall] é”™è¯¯ 2
[2.088s] Invoked command in '/home/johan/planning_with_ROS2_course/build/planning' returned '2': CMAKE_PREFIX_PATH=/home/johan/planning_with_ROS2_course/install/base_msgs:/home/johan/planning_with_ROS2_course/install/planning:/home/johan/planning_with_ROS2_course/install/data_plot:/opt/ros/humble /usr/bin/cmake --build /home/johan/planning_with_ROS2_course/build/planning -- -j16 -l16
