[35m[1mConsolidate compiler generated dependencies of target osqp_test[0m
[  5%] Built target config_reader
[ 13%] Built target mathlibs
[ 18%] Built target car_move_cmd
[ 23%] Built target obj_move_cmd
[ 31%] Built target global_planner
[ 34%] Built target osqp_test
[ 44%] Built target pnc_map_creator
[ 52%] Built target vehicle_info
[ 57%] [32mBuilding CXX object src/reference_line/CMakeFiles/reference_line.dir/reference_line_smoother.cpp.o[0m
[ 57%] [32mBuilding CXX object src/reference_line/CMakeFiles/reference_line.dir/reference_line_creator.cpp.o[0m
[ 63%] Built target global_path_server
[ 68%] Built target pnc_map_server
[ 73%] Built target decision_center
[ 89%] Built target local_planner
In file included from [01m[K/home/johan/planning_with_ROS2_course/src/planning/src/reference_line/reference_line_smoother.cpp:1[m[K:
[01m[K/home/johan/planning_with_ROS2_course/src/planning/src/reference_line/reference_line_smoother.h:5:9:[m[K [01;31m[Kfatal error: [m[Kbase_msgs/msg/reference_line.hpp: æ²¡æœ‰é‚£ä¸ªæ–‡ä»¶æˆ–ç›®å½•
    5 | #include[01;31m[K"base_msgs/msg/reference_line.hpp"[m[K
      |         [01;31m[K^~~~~~~~~~~~~~~~~~~~~~~~~~~~~~~~~~[m[K
compilation terminated.
gmake[2]: *** [src/reference_line/CMakeFiles/reference_line.dir/build.make:90ï¼šsrc/reference_line/CMakeFiles/reference_line.dir/reference_line_smoother.cpp.o] é”™è¯¯ 1
gmake[2]: *** æ­£åœ¨ç­‰å¾…æœªå®Œæˆçš„ä»»åŠ¡....
In file included from [01m[K/home/johan/planning_with_ROS2_course/src/planning/src/reference_line/reference_line_creator.h:13[m[K,
                 from [01m[K/home/johan/planning_with_ROS2_course/src/planning/src/reference_line/reference_line_creator.cpp:1[m[K:
[01m[K/home/johan/planning_with_ROS2_course/src/planning/src/reference_line/reference_line_smoother.h:5:9:[m[K [01;31m[Kfatal error: [m[Kbase_msgs/msg/reference_line.hpp: æ²¡æœ‰é‚£ä¸ªæ–‡ä»¶æˆ–ç›®å½•
    5 | #include[01;31m[K"base_msgs/msg/reference_line.hpp"[m[K
      |         [01;31m[K^~~~~~~~~~~~~~~~~~~~~~~~~~~~~~~~~~[m[K
compilation terminated.
gmake[2]: *** [src/reference_line/CMakeFiles/reference_line.dir/build.make:76ï¼šsrc/reference_line/CMakeFiles/reference_line.dir/reference_line_creator.cpp.o] é”™è¯¯ 1
gmake[1]: *** [CMakeFiles/Makefile2:564ï¼šsrc/reference_line/CMakeFiles/reference_line.dir/all] é”™è¯¯ 2
gmake: *** [Makefile:146ï¼šall] é”™è¯¯ 2
