[0.181s] Invoking command in '/home/johan/planning_with_ROS2_course/build/planning': CMAKE_PREFIX_PATH=/home/johan/planning_with_ROS2_course/install/base_msgs:/home/johan/planning_with_ROS2_course/install/planning:/home/johan/planning_with_ROS2_course/install/data_plot:/opt/ros/humble /usr/bin/cmake --build /home/johan/planning_with_ROS2_course/build/planning -- -j16 -l16
[0.197s] -- Found ament_cmake: 1.3.11 (/opt/ros/humble/share/ament_cmake/cmake)
[0.284s] -- Found rclcpp: 16.0.12 (/opt/ros/humble/share/rclcpp/cmake)
[0.304s] -- Found rosidl_generator_c: 3.1.6 (/opt/ros/humble/share/rosidl_generator_c/cmake)
[0.305s] -- Found rosidl_adapter: 3.1.6 (/opt/ros/humble/share/rosidl_adapter/cmake)
[0.309s] -- Found rosidl_generator_cpp: 3.1.6 (/opt/ros/humble/share/rosidl_generator_cpp/cmake)
[0.315s] -- Using all available rosidl_typesupport_c: rosidl_typesupport_fastrtps_c;rosidl_typesupport_introspection_c
[0.323s] -- Using all available rosidl_typesupport_cpp: rosidl_typesupport_fastrtps_cpp;rosidl_typesupport_introspection_cpp
[0.345s] -- Found rmw_implementation_cmake: 6.1.2 (/opt/ros/humble/share/rmw_implementation_cmake/cmake)
[0.346s] -- Found rmw_fastrtps_cpp: 6.2.7 (/opt/ros/humble/share/rmw_fastrtps_cpp/cmake)
[0.420s] -- Using RMW implementation 'rmw_fastrtps_cpp' as default
[0.452s] -- Found tf2: 0.25.13 (/opt/ros/humble/share/tf2/cmake)
[0.463s] -- Found tf2_ros: 0.25.13 (/opt/ros/humble/share/tf2_ros/cmake)
[0.512s] -- Found nav_msgs: 4.9.0 (/opt/ros/humble/share/nav_msgs/cmake)
[0.523s] -- Found visualization_msgs: 4.9.0 (/opt/ros/humble/share/visualization_msgs/cmake)
[0.546s] -- Found base_msgs: 0.0.0 (/home/johan/planning_with_ROS2_course/install/base_msgs/share/base_msgs/cmake)
[0.604s] -- Configuring done
[0.642s] -- Generating done
[0.657s] -- Build files have been written to: /home/johan/planning_with_ROS2_course/build/planning
[0.680s] [35m[1mConsolidate compiler generated dependencies of target config_reader[0m
[0.680s] [35m[1mConsolidate compiler generated dependencies of target car_move_cmd[0m
[0.680s] [35m[1mConsolidate compiler generated dependencies of target mathlibs[0m
[0.681s] [35m[1mConsolidate compiler generated dependencies of target planning_node[0m
[0.685s] [35m[1mConsolidate compiler generated dependencies of target obj_move_cmd[0m
[0.692s] [  9%] Built target car_move_cmd
[0.692s] [ 12%] Built target config_reader
[0.693s] [ 22%] Built target planning_node
[0.694s] [ 32%] Built target mathlibs
[0.699s] [35m[1mConsolidate compiler generated dependencies of target pnc_map_creator[0m
[0.701s] [ 38%] Built target obj_move_cmd
[0.702s] [35m[1mConsolidate compiler generated dependencies of target vehicle_info[0m
[0.702s] [35m[1mConsolidate compiler generated dependencies of target reference_line[0m
[0.713s] [ 48%] Built target pnc_map_creator
[0.714s] [ 67%] Built target reference_line
[0.715s] [ 67%] Built target vehicle_info
[0.719s] [35m[1mConsolidate compiler generated dependencies of target pnc_map_server[0m
[0.721s] [35m[1mConsolidate compiler generated dependencies of target decision_center[0m
[0.731s] [ 74%] Built target pnc_map_server
[0.734s] [ 80%] Built target decision_center
[0.744s] [35m[1mConsolidate compiler generated dependencies of target local_planner[0m
[0.764s] [ 83%] [32m[1mLinking CXX shared library liblocal_planner.so[0m
[0.774s] /usr/bin/ld: æ‰¾ä¸åˆ° -lvchicle_info: æ²¡æœ‰é‚£ä¸ªæ–‡ä»¶æˆ–ç›®å½•
[0.802s] collect2: error: ld returned 1 exit status
[0.803s] gmake[2]: *** [src/local_planner/CMakeFiles/local_planner.dir/build.make:245ï¼šsrc/local_planner/liblocal_planner.so] é”™è¯¯ 1
[0.803s] gmake[1]: *** [CMakeFiles/Makefile2:420ï¼šsrc/local_planner/CMakeFiles/local_planner.dir/all] é”™è¯¯ 2
[0.804s] gmake: *** [Makefile:146ï¼šall] é”™è¯¯ 2
[0.806s] Invoked command in '/home/johan/planning_with_ROS2_course/build/planning' returned '2': CMAKE_PREFIX_PATH=/home/johan/planning_with_ROS2_course/install/base_msgs:/home/johan/planning_with_ROS2_course/install/planning:/home/johan/planning_with_ROS2_course/install/data_plot:/opt/ros/humble /usr/bin/cmake --build /home/johan/planning_with_ROS2_course/build/planning -- -j16 -l16
