[0.182s] Invoking command in '/home/johan/planning_with_ROS2_course/build/planning': CMAKE_PREFIX_PATH=/home/johan/planning_with_ROS2_course/install/base_msgs:/home/johan/planning_with_ROS2_course/install/planning:/home/johan/planning_with_ROS2_course/install/data_plot:/opt/ros/humble /usr/bin/cmake --build /home/johan/planning_with_ROS2_course/build/planning -- -j16 -l16
[0.212s] [35m[1mConsolidate compiler generated dependencies of target planning_node[0m
[0.220s] [  3%] [32mBuilding CXX object src/common/CMakeFiles/config_reader.dir/config_reader/config_reader.cpp.o[0m
[0.222s] [ 12%] Built target mathlibs
[0.229s] [ 22%] Built target car_move_cmd
[0.229s] [ 22%] [32m[1mLinking CXX executable planning_node[0m
[0.232s] [ 29%] Built target obj_move_cmd
[0.301s] /usr/bin/ld: CMakeFiles/planning_node.dir/planning_process.cpp.o: in function `Planning::PlanningProcess::PlanningProcess()':
[0.301s] planning_process.cpp:(.text+0x2d0): undefined reference to `Planning::ConfigReader::read_planning_process_config()'
[0.301s] /usr/bin/ld: CMakeFiles/planning_node.dir/planning_process.cpp.o: in function `std::_MakeUniq<Planning::ConfigReader>::__single_object std::make_unique<Planning::ConfigReader>()':
[0.302s] planning_process.cpp:(.text._ZSt11make_uniqueIN8Planning12ConfigReaderEJEENSt9_MakeUniqIT_E15__single_objectEDpOT0_[_ZSt11make_uniqueIN8Planning12ConfigReaderEJEENSt9_MakeUniqIT_E15__single_objectEDpOT0_]+0x26): undefined reference to `Planning::ConfigReader::ConfigReader()'
[0.305s] collect2: error: ld returned 1 exit status
[0.306s] gmake[2]: *** [src/planning_process/CMakeFiles/planning_node.dir/build.make:221ï¼šsrc/planning_process/planning_node] é”™è¯¯ 1
[0.306s] gmake[1]: *** [CMakeFiles/Makefile2:500ï¼šsrc/planning_process/CMakeFiles/planning_node.dir/all] é”™è¯¯ 2
[0.306s] gmake[1]: *** æ­£åœ¨ç­‰å¾…æœªå®Œæˆçš„ä»»åŠ¡....
[2.354s] [ 32%] [32m[1mLinking CXX shared library libconfig_reader.so[0m
[2.433s] [ 32%] Built target config_reader
[2.434s] gmake: *** [Makefile:146ï¼šall] é”™è¯¯ 2
[2.436s] Invoked command in '/home/johan/planning_with_ROS2_course/build/planning' returned '2': CMAKE_PREFIX_PATH=/home/johan/planning_with_ROS2_course/install/base_msgs:/home/johan/planning_with_ROS2_course/install/planning:/home/johan/planning_with_ROS2_course/install/data_plot:/opt/ros/humble /usr/bin/cmake --build /home/johan/planning_with_ROS2_course/build/planning -- -j16 -l16
