-- Found ament_cmake: 1.3.11 (/opt/ros/humble/share/ament_cmake/cmake)
-- Found rclcpp: 16.0.12 (/opt/ros/humble/share/rclcpp/cmake)
-- Found rosidl_generator_c: 3.1.6 (/opt/ros/humble/share/rosidl_generator_c/cmake)
-- Found rosidl_adapter: 3.1.6 (/opt/ros/humble/share/rosidl_adapter/cmake)
-- Found rosidl_generator_cpp: 3.1.6 (/opt/ros/humble/share/rosidl_generator_cpp/cmake)
-- Using all available rosidl_typesupport_c: rosidl_typesupport_fastrtps_c;rosidl_typesupport_introspection_c
-- Using all available rosidl_typesupport_cpp: rosidl_typesupport_fastrtps_cpp;rosidl_typesupport_introspection_cpp
-- Found rmw_implementation_cmake: 6.1.2 (/opt/ros/humble/share/rmw_implementation_cmake/cmake)
-- Found rmw_fastrtps_cpp: 6.2.7 (/opt/ros/humble/share/rmw_fastrtps_cpp/cmake)
-- Using RMW implementation 'rmw_fastrtps_cpp' as default
-- Found tf2: 0.25.13 (/opt/ros/humble/share/tf2/cmake)
-- Found tf2_ros: 0.25.13 (/opt/ros/humble/share/tf2_ros/cmake)
-- Found nav_msgs: 4.9.0 (/opt/ros/humble/share/nav_msgs/cmake)
-- Found visualization_msgs: 4.9.0 (/opt/ros/humble/share/visualization_msgs/cmake)
-- Found base_msgs: 0.0.0 (/home/johan/planning_with_ROS2_course/install/base_msgs/share/base_msgs/cmake)
-- Configuring done
-- Generating done
-- Build files have been written to: /home/johan/planning_with_ROS2_course/build/planning
[35m[1mConsolidate compiler generated dependencies of target planning_node[0m
[ 25%] [32mBuilding CXX object src/common/CMakeFiles/mathlibs.dir/math/curve.cpp.o[0m
[ 25%] [32mBuilding CXX object src/common/CMakeFiles/config_reader.dir/config_reader/config_reader.cpp.o[0m
[ 37%] [32mBuilding CXX object src/common/CMakeFiles/mathlibs.dir/math/polynomial_curve.cpp.o[0m
[ 50%] [32mBuilding CXX object src/planning_process/CMakeFiles/planning_node.dir/planning_process.cpp.o[0m
[01m[K/home/johan/planning_with_ROS2_course/src/planning/src/common/math/polynomial_curve.cpp:4:5:[m[K [01;31m[Kerror: [m[Kdefinition of explicitly-defaulted ‘[01m[KPlanning::PolynomialCurve::PolynomialCurve()[m[K’
    4 |     [01;31m[KPolynomialCurve[m[K::PolynomialCurve(){
      |     [01;31m[K^~~~~~~~~~~~~~~[m[K
In file included from [01m[K/home/johan/planning_with_ROS2_course/src/planning/src/common/math/polynomial_curve.cpp:1[m[K:
[01m[K/home/johan/planning_with_ROS2_course/src/planning/src/common/math/polynomial_curve.h:11:9:[m[K [01;36m[Knote: [m[K‘[01m[Kconstexpr Planning::PolynomialCurve::PolynomialCurve()[m[K’ explicitly defaulted here
   11 |         [01;36m[KPolynomialCurve[m[K() = default;
      |         [01;36m[K^~~~~~~~~~~~~~~[m[K
[01m[K/home/johan/planning_with_ROS2_course/src/planning/src/common/math/curve.cpp:4:5:[m[K [01;31m[Kerror: [m[Kdefinition of explicitly-defaulted ‘[01m[KPlanning::Curve::Curve()[m[K’
    4 |     [01;31m[KCurve[m[K::Curve(){
      |     [01;31m[K^~~~~[m[K
In file included from [01m[K/home/johan/planning_with_ROS2_course/src/planning/src/common/math/curve.cpp:1[m[K:
[01m[K/home/johan/planning_with_ROS2_course/src/planning/src/common/math/curve.h:11:5:[m[K [01;36m[Knote: [m[K‘[01m[Kconstexpr Planning::Curve::Curve()[m[K’ explicitly defaulted here
   11 |     [01;36m[KCurve[m[K() = default;
      |     [01;36m[K^~~~~[m[K
gmake[2]: *** [src/common/CMakeFiles/mathlibs.dir/build.make:90：src/common/CMakeFiles/mathlibs.dir/math/polynomial_curve.cpp.o] 错误 1
gmake[2]: *** 正在等待未完成的任务....
gmake[2]: *** [src/common/CMakeFiles/mathlibs.dir/build.make:76：src/common/CMakeFiles/mathlibs.dir/math/curve.cpp.o] 错误 1
gmake[1]: *** [CMakeFiles/Makefile2:306：src/common/CMakeFiles/mathlibs.dir/all] 错误 2
gmake[1]: *** 正在等待未完成的任务....
[ 62%] [32m[1mLinking CXX shared library libconfig_reader.so[0m
[ 75%] [32m[1mLinking CXX executable planning_node[0m
[ 75%] Built target config_reader
[ 87%] Built target planning_node
gmake: *** [Makefile:146：all] 错误 2
